<?xml version="1.0" encoding="UTF-8"?>
<!-- Generated by org.testng.reporters.JUnitReportReporter -->
<testsuite hostname="DESKTOP-JQJUBKP" failures="0" tests="4" name="testCases.TC003_LoginDDT" time="27.427" errors="0" timestamp="2024-08-16T20:10:59 IST" skipped="0">
  <testcase classname="testCases.TC003_LoginDDT" name="verify_loginDDT" time="3.197"/>
  <testcase classname="testCases.TC003_LoginDDT" name="verify_loginDDT" time="11.265"/>
  <testcase classname="testCases.TC003_LoginDDT" name="verify_loginDDT" time="1.914"/>
  <testcase classname="testCases.TC003_LoginDDT" name="verify_loginDDT" time="11.051"/>
</testsuite> <!-- testCases.TC003_LoginDDT -->
