<?xml version="1.0" encoding="UTF-8"?>
<!-- Generated by org.testng.reporters.JUnitReportReporter -->
<testsuite hostname="DESKTOP-JQJUBKP" failures="0" tests="2" name="testCases.TC002_LoginTest" time="2.533" errors="0" timestamp="2024-09-02T22:11:47 IST" skipped="0">
  <testcase classname="testCases.TC002_LoginTest" name="verify_login" time="1.370"/>
  <testcase classname="testCases.TC002_LoginTest" name="verify_login" time="1.163"/>
</testsuite> <!-- testCases.TC002_LoginTest -->
