<?xml version="1.0" encoding="UTF-8"?>
<!-- Generated by org.testng.reporters.JUnitReportReporter -->
<testsuite hostname="DESKTOP-JQJUBKP" failures="0" tests="2" name="testCases.TC001_AccountRegisterationTest" time="3.994" errors="0" timestamp="2024-09-02T22:11:47 IST" skipped="0">
  <testcase classname="testCases.TC001_AccountRegisterationTest" name="verify_account_registration" time="1.986"/>
  <testcase classname="testCases.TC001_AccountRegisterationTest" name="verify_account_registration" time="2.008"/>
</testsuite> <!-- testCases.TC001_AccountRegisterationTest -->
