<?xml version="1.0" encoding="UTF-8"?>
<!-- Generated by org.testng.reporters.JUnitReportReporter -->
<testsuite hostname="DESKTOP-JQJUBKP" failures="0" tests="1" name="testCases.TC001_AccountRegisterationTest" time="1.986" errors="0" timestamp="2024-09-03T20:44:06 IST" skipped="0">
  <testcase classname="testCases.TC001_AccountRegisterationTest" name="verify_account_registration" time="1.986"/>
</testsuite> <!-- testCases.TC001_AccountRegisterationTest -->
